[INFO] Scanning for projects...
[WARNING] 
[WARNING] Some problems were encountered while building the effective model for com.bootcamp:SondageRestServices:war:1.0-SNAPSHOT
[WARNING] 'build.plugins.plugin.version' for org.apache.maven.plugins:maven-compiler-plugin is missing. @ line 225, column 21
[WARNING] 
[WARNING] It is highly recommended to fix these problems because they threaten the stability of your build.
[WARNING] 
[WARNING] For this reason, future Maven versions might no longer support building such malformed projects.
[WARNING] 
[INFO] 
[INFO] ------------------------------------------------------------------------
[INFO] Building SondageRestServices 1.0-SNAPSHOT
[INFO] ------------------------------------------------------------------------
[INFO] 
[INFO] >>> spring-boot-maven-plugin:1.5.3.RELEASE:run (default-cli) > test-compile @ SondageRestServices >>>
[INFO] 
[INFO] --- maven-resources-plugin:2.6:resources (default-resources) @ SondageRestServices ---
[INFO] Using 'UTF-8' encoding to copy filtered resources.
[INFO] skip non existing resourceDirectory /home/iso-doss/Bootcamp/Clone/sondage.service.fonctionnel/src/main/resources
[INFO] Copying 20 resources
[INFO] 
[INFO] --- maven-compiler-plugin:3.1:compile (default-compile) @ SondageRestServices ---
[INFO] Changes detected - recompiling the module!
[INFO] Compiling 9 source files to /home/iso-doss/Bootcamp/Clone/sondage.service.fonctionnel/target/classes
[INFO] 
[INFO] --- maven-resources-plugin:2.6:testResources (default-testResources) @ SondageRestServices ---
[INFO] Using 'UTF-8' encoding to copy filtered resources.
[INFO] skip non existing resourceDirectory /home/iso-doss/Bootcamp/Clone/sondage.service.fonctionnel/src/test/resources
[INFO] 
[INFO] --- maven-compiler-plugin:3.1:testCompile (default-testCompile) @ SondageRestServices ---
[INFO] Changes detected - recompiling the module!
[INFO] Compiling 1 source file to /home/iso-doss/Bootcamp/Clone/sondage.service.fonctionnel/target/test-classes
[INFO] 
[INFO] <<< spring-boot-maven-plugin:1.5.3.RELEASE:run (default-cli) < test-compile @ SondageRestServices <<<
[INFO] 
[INFO] 
[INFO] --- spring-boot-maven-plugin:1.5.3.RELEASE:run (default-cli) @ SondageRestServices ---
2018-01-03 16:16:24,899 main ERROR appenders contains an invalid element or attribute "Sentry"
2018-01-03 16:16:24,927 main ERROR Unable to locate appender "Sentry" for logger config "org.springframework"
2018-01-03 16:16:24,943 main ERROR Unable to locate appender "Sentry" for logger config "com.bootcamp"
SLF4J: Class path contains multiple SLF4J bindings.
SLF4J: Found binding in [jar:file:/home/iso-doss/env/maven/repository/org/slf4j/slf4j-log4j12/1.7.12/slf4j-log4j12-1.7.12.jar!/org/slf4j/impl/StaticLoggerBinder.class]
SLF4J: Found binding in [jar:file:/home/iso-doss/env/maven/repository/org/apache/logging/log4j/log4j-slf4j-impl/2.7/log4j-slf4j-impl-2.7.jar!/org/slf4j/impl/StaticLoggerBinder.class]
SLF4J: See http://www.slf4j.org/codes.html#multiple_bindings for an explanation.
SLF4J: Actual binding is of type [org.slf4j.impl.Log4jLoggerFactory]
log4j:WARN No appenders could be found for logger (org.springframework.web.context.support.StandardServletEnvironment).
log4j:WARN Please initialize the log4j system properly.
log4j:WARN See http://logging.apache.org/log4j/1.2/faq.html#noconfig for more info.
2018-01-03 16:16:30,111 main ERROR appenders contains an invalid element or attribute "Sentry"
2018-01-03 16:16:30,116 main ERROR Unable to locate appender "Sentry" for logger config "org.springframework"
2018-01-03 16:16:30,117 main ERROR Unable to locate appender "Sentry" for logger config "com.bootcamp"

  .   ____          _            __ _ _
 /\\ / ___'_ __ _ _(_)_ __  __ _ \ \ \ \
( ( )\___ | '_ | '_| | '_ \/ _` | \ \ \ \
 \\/  ___)| |_)| | | | | || (_| |  ) ) ) )
  '  |____| .__|_| |_|_| |_\__, | / / / /
 =========|_|==============|___/=/_/_/_/
 :: Spring Boot ::        (v1.5.8.RELEASE)

2018-01-03 16:16:37.599 WAT [background-preinit] o.h.v.i.u.Version INFO : HV000001: Hibernate Validator 5.3.5.Final
[EL Info]: 2018-01-03 16:20:49.57--ServerSession(1615970336)--EclipseLink, version: Eclipse Persistence Services - 2.5.2.v20140319-9ad6abd
[EL Info]: connection: 2018-01-03 16:21:09.352--ServerSession(1615970336)--file:/home/iso-doss/Bootcamp/Clone/sondage.service.fonctionnel/target/classes/_databasePU login successful
[EL Info]: 2018-01-03 16:25:26.408--ServerSession(1722283282)--EclipseLink, version: Eclipse Persistence Services - 2.5.2.v20140319-9ad6abd
[EL Info]: connection: 2018-01-03 16:25:28.295--ServerSession(1722283282)--file:/home/iso-doss/env/maven/repository/com/bootcamp/db-access/1.0-SNAPSHOT/db-access-1.0-SNAPSHOT.jar_databasePU login successful
